2019-04-14 10:13:25退出主程序
Error: 0
Description: 
Module: 
Procedure: 
2019-04-14 10:30:21退出主程序
Error: 0
Description: 
Module: 
Procedure: 
2019-04-14 10:30:23退出主程序
Error: 0
Description: 
Module: 
Procedure: 
2019-04-14 10:33:29退出主程序
Error: 0
Description: 
Module: 
Procedure: 
2019-04-14 10:35:13退出主程序
Error: 0
Description: 
Module: 
Procedure: 
2019-04-14 10:35:56退出主程序
Error: 0
Description: 
Module: 
Procedure: 
2019-04-14 10:49:14退出主程序
Error: 0
Description: 
Module: 
Procedure: 
2019-04-14 10:50:2110:50:21启动主程序
Error: 0
Description: 
Module: 
Procedure: 
2019-04-14 10:50:2210:50:22退出主程序
Error: 0
Description: 
Module: 
Procedure: 
